HttpAndImageTest/sample/build/intermediates/manifest_merge_blame_file/debug/manifest-merger-blame-debug-report.txt
1<?xml version="1.0" encoding="utf-8"?>
2<manifest xmlns:android="http://schemas.android.com/apk/res/android"
3    package="com.tbruyelle.rxpermissions.sample"
4    android:versionCode="1"
5    android:versionName="1.0" >
6
7    <uses-sdk
8        android:minSdkVersion="24"
8-->src\main\AndroidManifest.xml
9        android:targetSdkVersion="24" />
9-->src\main\AndroidManifest.xml
10
11    <uses-permission android:name="android.permission.CAMERA" />
11-->src\main\AndroidManifest.xml:8:5-64
11-->src\main\AndroidManifest.xml:8:22-62
12
13    <application
13-->src\main\AndroidManifest.xml:10:5-27:19
14        android:allowBackup="true"
14-->src\main\AndroidManifest.xml:11:9-35
15        android:debuggable="true"
16        android:fullBackupContent="false"
16-->src\main\AndroidManifest.xml:12:9-42
17        android:icon="@mipmap/ic_launcher"
17-->src\main\AndroidManifest.xml:13:9-43
18        android:label="@string/app_name"
18-->src\main\AndroidManifest.xml:14:9-41
19        android:theme="@style/Theme.AppCompat.Light.DarkActionBar" >
19-->src\main\AndroidManifest.xml:15:9-67
20        <activity
20-->src\main\AndroidManifest.xml:18:9-26:20
21            android:name="com.tbruyelle.rxpermissions2.sample.MainActivity"
21-->src\main\AndroidManifest.xml:19:13-76
22            android:label="@string/app_name" >
22-->src\main\AndroidManifest.xml:20:13-45
23            <intent-filter>
23-->src\main\AndroidManifest.xml:22:13-25:29
24                <action android:name="android.intent.action.MAIN" />
24-->src\main\AndroidManifest.xml:23:17-68
24-->src\main\AndroidManifest.xml:23:25-66
25
26                <category android:name="android.intent.category.LAUNCHER" />
26-->src\main\AndroidManifest.xml:24:17-76
26-->src\main\AndroidManifest.xml:24:27-74
27            </intent-filter>
28        </activity>
29    </application>
30
31</manifest>